<?xml version="1.0" encoding="UTF-8"?>
<!-- Generated by org.testng.reporters.JUnitXMLReporter -->
<testsuite hostname="DESKTOP-3GNVT0U" ignored="0" name="Default test" tests="5" failures="0" timestamp="19 Feb 2021 17:08:53 GMT" time="1383.984" errors="0">
  <testcase name="deleting" time="299.464" classname="com.qa.testcases.AncillaryChargeCreation"/>
  <testcase name="customerPayment" time="288.157" classname="com.qa.testcases.AncillaryChargeCreation"/>
  <testcase name="multiplePaymentsCharges" time="343.879" classname="com.qa.testcases.AncillaryChargeCreation"/>
  <testcase name="writeOffTotal_editing" time="312.439" classname="com.qa.testcases.AncillaryChargeCreation"/>
  <testcase name="chargeCreation" time="36.03" classname="com.qa.testcases.AncillaryChargeCreation"/>
</testsuite> <!-- Default test -->
